mode: set
project1.com/project/endpoints/otp.go:20.70,22.10 2 0
project1.com/project/endpoints/otp.go:25.2,29.16 4 0
project1.com/project/endpoints/otp.go:36.2,39.16 4 0
project1.com/project/endpoints/otp.go:47.2,47.47 1 0
project1.com/project/endpoints/otp.go:55.2,56.16 2 0
project1.com/project/endpoints/otp.go:64.2,65.10 2 0
project1.com/project/endpoints/otp.go:73.2,73.70 1 0
project1.com/project/endpoints/otp.go:77.2,78.16 2 0
project1.com/project/endpoints/otp.go:22.10,24.3 1 0
project1.com/project/endpoints/otp.go:29.16,35.3 5 0
project1.com/project/endpoints/otp.go:39.16,45.3 5 0
project1.com/project/endpoints/otp.go:47.47,53.3 5 0
project1.com/project/endpoints/otp.go:56.16,62.3 5 0
project1.com/project/endpoints/otp.go:65.10,71.3 5 0
project1.com/project/endpoints/otp.go:73.70,75.3 1 0
project1.com/project/endpoints/otp.go:78.16,83.3 4 0
project1.com/project/endpoints/otp.go:83.8,85.63 2 0
project1.com/project/endpoints/otp.go:92.3,94.27 3 0
project1.com/project/endpoints/otp.go:85.63,91.4 5 0
project1.com/project/endpoints/register.go:30.60,33.2 2 1
project1.com/project/endpoints/register.go:36.74,38.10 2 1
project1.com/project/endpoints/register.go:42.2,44.16 3 1
project1.com/project/endpoints/register.go:51.2,53.16 3 1
project1.com/project/endpoints/register.go:61.2,62.106 1 1
project1.com/project/endpoints/register.go:69.2,69.71 1 1
project1.com/project/endpoints/register.go:72.2,72.65 1 1
project1.com/project/endpoints/register.go:76.2,76.76 1 1
project1.com/project/endpoints/register.go:79.2,82.16 3 1
project1.com/project/endpoints/register.go:38.10,40.3 1 0
project1.com/project/endpoints/register.go:44.16,50.3 5 0
project1.com/project/endpoints/register.go:53.16,59.3 5 0
project1.com/project/endpoints/register.go:62.106,68.3 5 0
project1.com/project/endpoints/register.go:69.71,71.3 1 0
project1.com/project/endpoints/register.go:72.65,74.3 1 0
project1.com/project/endpoints/register.go:76.76,78.3 1 0
project1.com/project/endpoints/register.go:82.16,86.40 4 1
project1.com/project/endpoints/register.go:95.3,95.17 1 1
project1.com/project/endpoints/register.go:86.40,90.4 3 0
project1.com/project/endpoints/register.go:90.9,94.4 3 1
project1.com/project/endpoints/register.go:96.8,102.3 5 0
project1.com/project/endpoints/resetpass.go:21.63,23.10 2 0
project1.com/project/endpoints/resetpass.go:26.2,30.16 4 0
project1.com/project/endpoints/resetpass.go:37.2,40.16 4 0
project1.com/project/endpoints/resetpass.go:48.2,49.51 1 0
project1.com/project/endpoints/resetpass.go:56.2,56.74 1 0
project1.com/project/endpoints/resetpass.go:60.2,61.16 2 0
project1.com/project/endpoints/resetpass.go:69.2,70.16 2 0
project1.com/project/endpoints/resetpass.go:79.2,79.79 1 0
project1.com/project/endpoints/resetpass.go:83.2,84.16 2 0
project1.com/project/endpoints/resetpass.go:23.10,25.3 1 0
project1.com/project/endpoints/resetpass.go:30.16,36.3 5 0
project1.com/project/endpoints/resetpass.go:40.16,46.3 5 0
project1.com/project/endpoints/resetpass.go:49.51,55.3 5 0
project1.com/project/endpoints/resetpass.go:56.74,58.3 1 0
project1.com/project/endpoints/resetpass.go:61.16,67.3 5 0
project1.com/project/endpoints/resetpass.go:70.16,76.3 5 0
project1.com/project/endpoints/resetpass.go:79.79,81.3 1 0
project1.com/project/endpoints/resetpass.go:84.16,89.3 4 0
project1.com/project/endpoints/resetpass.go:89.8,94.3 4 0
project1.com/project/endpoints/login.go:22.63,24.10 2 1
project1.com/project/endpoints/login.go:27.2,30.16 4 1
project1.com/project/endpoints/login.go:37.2,40.16 4 1
project1.com/project/endpoints/login.go:47.2,48.16 2 1
project1.com/project/endpoints/login.go:55.2,56.16 2 1
project1.com/project/endpoints/login.go:24.10,26.3 1 0
project1.com/project/endpoints/login.go:30.16,36.3 5 0
project1.com/project/endpoints/login.go:40.16,46.3 5 0
project1.com/project/endpoints/login.go:48.16,54.3 5 0
project1.com/project/endpoints/login.go:56.16,61.3 4 0
project1.com/project/endpoints/login.go:61.8,67.3 5 1
