mode: set
project1.com/project/endpoints/resetpass.go:21.63,23.10 2 0
project1.com/project/endpoints/resetpass.go:26.2,31.55 5 0
project1.com/project/endpoints/resetpass.go:61.2,61.64 1 0
project1.com/project/endpoints/resetpass.go:64.2,64.74 1 0
project1.com/project/endpoints/resetpass.go:68.2,69.16 2 0
project1.com/project/endpoints/resetpass.go:77.2,78.16 2 0
project1.com/project/endpoints/resetpass.go:87.2,87.79 1 0
project1.com/project/endpoints/resetpass.go:91.2,92.16 2 0
project1.com/project/endpoints/resetpass.go:23.10,25.3 1 0
project1.com/project/endpoints/resetpass.go:31.55,33.3 1 0
project1.com/project/endpoints/resetpass.go:61.64,63.3 1 0
project1.com/project/endpoints/resetpass.go:64.74,66.3 1 0
project1.com/project/endpoints/resetpass.go:69.16,75.3 5 0
project1.com/project/endpoints/resetpass.go:78.16,84.3 5 0
project1.com/project/endpoints/resetpass.go:87.79,89.3 1 0
project1.com/project/endpoints/resetpass.go:92.16,97.3 4 0
project1.com/project/endpoints/resetpass.go:97.8,102.3 4 0
project1.com/project/endpoints/login.go:23.63,25.10 2 1
project1.com/project/endpoints/login.go:28.2,32.55 5 1
project1.com/project/endpoints/login.go:63.2,63.64 1 1
project1.com/project/endpoints/login.go:66.2,67.16 2 1
project1.com/project/endpoints/login.go:74.2,75.16 2 1
project1.com/project/endpoints/login.go:25.10,27.3 1 0
project1.com/project/endpoints/login.go:32.55,34.3 1 0
project1.com/project/endpoints/login.go:63.64,65.3 1 0
project1.com/project/endpoints/login.go:67.16,73.3 5 0
project1.com/project/endpoints/login.go:75.16,80.3 4 0
project1.com/project/endpoints/login.go:80.8,86.3 5 1
project1.com/project/endpoints/otp.go:19.70,21.10 2 0
project1.com/project/endpoints/otp.go:24.2,29.55 5 0
project1.com/project/endpoints/otp.go:59.2,59.64 1 0
project1.com/project/endpoints/otp.go:63.2,64.16 2 0
project1.com/project/endpoints/otp.go:72.2,73.10 2 0
project1.com/project/endpoints/otp.go:81.2,81.70 1 0
project1.com/project/endpoints/otp.go:85.2,86.16 2 0
project1.com/project/endpoints/otp.go:21.10,23.3 1 0
project1.com/project/endpoints/otp.go:29.55,31.3 1 0
project1.com/project/endpoints/otp.go:59.64,61.3 1 0
project1.com/project/endpoints/otp.go:64.16,70.3 5 0
project1.com/project/endpoints/otp.go:73.10,79.3 5 0
project1.com/project/endpoints/otp.go:81.70,83.3 1 0
project1.com/project/endpoints/otp.go:86.16,91.3 4 0
project1.com/project/endpoints/otp.go:91.8,93.63 2 0
project1.com/project/endpoints/otp.go:100.3,102.27 3 0
project1.com/project/endpoints/otp.go:93.63,99.4 5 0
project1.com/project/endpoints/register.go:36.74,38.10 2 1
project1.com/project/endpoints/register.go:41.2,43.55 3 1
project1.com/project/endpoints/register.go:63.2,63.64 1 1
project1.com/project/endpoints/register.go:66.2,66.71 1 1
project1.com/project/endpoints/register.go:69.2,69.65 1 1
project1.com/project/endpoints/register.go:73.2,73.76 1 1
project1.com/project/endpoints/register.go:76.2,79.16 3 1
project1.com/project/endpoints/register.go:38.10,40.3 1 0
project1.com/project/endpoints/register.go:43.55,45.3 1 0
project1.com/project/endpoints/register.go:63.64,65.3 1 1
project1.com/project/endpoints/register.go:66.71,68.3 1 1
project1.com/project/endpoints/register.go:69.65,71.3 1 1
project1.com/project/endpoints/register.go:73.76,75.3 1 0
project1.com/project/endpoints/register.go:79.16,83.40 4 1
project1.com/project/endpoints/register.go:92.3,92.17 1 1
project1.com/project/endpoints/register.go:83.40,87.4 3 0
project1.com/project/endpoints/register.go:87.9,91.4 3 1
project1.com/project/endpoints/register.go:93.8,99.3 5 1
